2025-01-23 01:24:38,423 - INFO - FUNC
2025-01-23 01:24:38,423 - INFO - file_read
2025-01-23 01:24:38,429 - INFO - sheet_read
2025-01-23 01:24:38,429 - INFO - test_item_array
2025-01-23 01:24:38,431 - INFO - case_run
2025-01-23 01:24:38,431 - INFO - case_1
2025-01-23 01:24:40,485 - INFO - test_result_write
2025-01-23 01:24:40,514 - INFO - case_2
2025-01-23 01:24:42,536 - INFO - test_result_write
2025-01-23 01:24:42,554 - INFO - case_3
2025-01-23 01:24:44,585 - INFO - test_result_write
2025-01-23 01:24:44,604 - INFO - case_4
2025-01-23 01:24:46,634 - INFO - test_result_write
2025-01-23 01:24:46,653 - INFO - case_5
2025-01-23 01:24:48,677 - INFO - test_result_write
2025-01-23 01:24:48,696 - INFO - case_6
2025-01-23 01:24:50,727 - INFO - test_result_write
2025-01-23 01:24:50,746 - INFO - case_7
2025-01-23 01:24:52,772 - INFO - test_result_write
2025-01-23 01:24:52,793 - INFO - case_8
2025-01-23 01:24:54,822 - INFO - test_result_write
